2018-03-04 20:44:25,124 - BrowserEngine - INFO - You had select Chrome browser.
2018-03-04 20:44:25,124 - BrowserEngine - INFO - The test server url is: https://www.baidu.com
2018-03-04 20:44:28,789 - BrowserEngine - INFO - Starting Chrome browser.
2018-03-04 20:44:42,650 - BrowserEngine - INFO - Open url: https://www.baidu.com
2018-03-04 20:44:43,769 - BrowserEngine - INFO - Maximize the current window.
2018-03-04 20:44:43,770 - BrowserEngine - INFO - Set implicitly wait 10 seconds.
2018-03-04 20:44:43,802 - BasePage - INFO - Had find the element '  ' successful by id via value: kw 
2018-03-04 20:44:43,964 - BasePage - INFO - Had type ' selenium ' in inputBox
2018-03-04 20:44:43,996 - BasePage - INFO - Had find the element '  ' successful by xpath via value: //*[@id='su'] 
2018-03-04 20:44:44,072 - BasePage - INFO - The element '  ' was clicked.
2018-03-04 20:44:46,476 - BasePage - INFO - Had take screenshot and save to folder : /screenshots
2018-03-04 20:44:46,480 - BasePage - INFO - Current page title is selenium_百度搜索
2018-03-04 20:44:46,496 - BasePage - INFO - Had find the element '  ' successful by id via value: kw 
2018-03-04 20:44:46,584 - BasePage - INFO - Had type ' python ' in inputBox
2018-03-04 20:44:46,598 - BasePage - INFO - Had find the element '  ' successful by xpath via value: //*[@id='su'] 
2018-03-04 20:44:46,650 - BasePage - INFO - The element '  ' was clicked.
2018-03-04 20:44:49,148 - BasePage - INFO - Had take screenshot and save to folder : /screenshots
2018-03-04 20:44:52,236 - BrowserEngine - INFO - You had select Chrome browser.
2018-03-04 20:44:52,236 - BrowserEngine - INFO - The test server url is: https://www.baidu.com
2018-03-04 20:44:55,957 - BrowserEngine - INFO - Starting Chrome browser.
2018-03-04 20:45:00,461 - BrowserEngine - INFO - Open url: https://www.baidu.com
2018-03-04 20:45:01,611 - BrowserEngine - INFO - Maximize the current window.
2018-03-04 20:45:01,614 - BrowserEngine - INFO - Set implicitly wait 10 seconds.
2018-03-04 20:45:01,624 - BasePage - INFO - Current page title is 百度一下，你就知道
2018-03-04 20:45:04,674 - BrowserEngine - INFO - You had select Chrome browser.
2018-03-04 20:45:04,674 - BrowserEngine - INFO - The test server url is: https://www.baidu.com
2018-03-04 20:45:08,378 - BrowserEngine - INFO - Starting Chrome browser.
2018-03-04 20:45:12,892 - BrowserEngine - INFO - Open url: https://www.baidu.com
2018-03-04 20:45:14,029 - BrowserEngine - INFO - Maximize the current window.
2018-03-04 20:45:14,032 - BrowserEngine - INFO - Set implicitly wait 10 seconds.
2018-03-04 20:46:04,789 - BasePage - INFO - Had take screenshot and save to folder : /screenshots
