2018-03-04 20:42:10,160 - BrowserEngine - INFO - You had select Chrome browser.
2018-03-04 20:42:10,161 - BrowserEngine - INFO - The test server url is: https://www.baidu.com
2018-03-04 20:42:13,892 - BrowserEngine - INFO - Starting Chrome browser.
2018-03-04 20:42:18,177 - BrowserEngine - INFO - Open url: https://www.baidu.com
2018-03-04 20:42:19,318 - BrowserEngine - INFO - Maximize the current window.
2018-03-04 20:42:19,319 - BrowserEngine - INFO - Set implicitly wait 10 seconds.
2018-03-04 20:42:19,369 - BasePage - INFO - Had find the element '  ' successful by id via value: kw 
2018-03-04 20:42:19,528 - BasePage - INFO - Had type ' selenium ' in inputBox
2018-03-04 20:42:19,559 - BasePage - INFO - Had find the element '  ' successful by xpath via value: //*[@id='su'] 
2018-03-04 20:42:19,650 - BasePage - INFO - The element '  ' was clicked.
2018-03-04 20:42:22,049 - BasePage - INFO - Had take screenshot and save to folder : /screenshots
2018-03-04 20:42:22,053 - BasePage - INFO - Current page title is selenium_百度搜索
2018-03-04 20:42:22,071 - BasePage - INFO - Had find the element '  ' successful by id via value: kw 
2018-03-04 20:42:22,151 - BasePage - INFO - Had type ' python ' in inputBox
2018-03-04 20:42:22,174 - BasePage - INFO - Had find the element '  ' successful by xpath via value: //*[@id='su'] 
2018-03-04 20:42:22,249 - BasePage - INFO - The element '  ' was clicked.
2018-03-04 20:42:24,927 - BasePage - INFO - Had take screenshot and save to folder : /screenshots
2018-03-04 20:42:27,973 - BrowserEngine - INFO - You had select Chrome browser.
2018-03-04 20:42:27,973 - BrowserEngine - INFO - The test server url is: https://www.baidu.com
2018-03-04 20:42:31,743 - BrowserEngine - INFO - Starting Chrome browser.
2018-03-04 20:42:39,447 - BrowserEngine - INFO - Open url: https://www.baidu.com
2018-03-04 20:42:40,595 - BrowserEngine - INFO - Maximize the current window.
2018-03-04 20:42:40,596 - BrowserEngine - INFO - Set implicitly wait 10 seconds.
2018-03-04 20:42:40,604 - BasePage - INFO - Current page title is 百度一下，你就知道
2018-03-04 20:42:43,655 - BrowserEngine - INFO - You had select Chrome browser.
2018-03-04 20:42:43,655 - BrowserEngine - INFO - The test server url is: https://www.baidu.com
2018-03-04 20:42:47,381 - BrowserEngine - INFO - Starting Chrome browser.
2018-03-04 20:43:07,858 - BrowserEngine - INFO - Open url: https://www.baidu.com
2018-03-04 20:43:08,992 - BrowserEngine - INFO - Maximize the current window.
2018-03-04 20:43:08,993 - BrowserEngine - INFO - Set implicitly wait 10 seconds.
