2018-04-13 21:42:55,382 - BrowserEngine - INFO - You had select Chrome browser.
2018-04-13 21:42:55,384 - BrowserEngine - INFO - The test server url is: https://www.baidu.com
2018-04-13 21:42:59,114 - BrowserEngine - INFO - Starting Chrome browser.
2018-04-13 21:43:03,573 - BrowserEngine - INFO - Open url: https://www.baidu.com
2018-04-13 21:43:04,750 - BrowserEngine - INFO - Maximize the current window.
2018-04-13 21:43:04,750 - BrowserEngine - INFO - Set implicitly wait 10 seconds.
2018-04-13 21:43:04,782 - BasePage - INFO - Had find the element '  ' successful by id via value: kw 
2018-04-13 21:43:05,042 - BasePage - INFO - Had type ' selenium ' in inputBox
2018-04-13 21:43:05,088 - BasePage - INFO - Had find the element '  ' successful by xpath via value: //*[@id='su'] 
2018-04-13 21:43:05,200 - BasePage - INFO - The element '  ' was clicked.
2018-04-13 21:43:07,617 - BasePage - INFO - Had take screenshot and save to folder : /screenshots
2018-04-13 21:43:07,621 - BasePage - INFO - Current page title is selenium_百度搜索
2018-04-13 21:43:07,637 - BasePage - INFO - Had find the element '  ' successful by id via value: kw 
2018-04-13 21:43:07,717 - BasePage - INFO - Had type ' python ' in inputBox
2018-04-13 21:43:07,733 - BasePage - INFO - Had find the element '  ' successful by xpath via value: //*[@id='su'] 
2018-04-13 21:43:07,796 - BasePage - INFO - The element '  ' was clicked.
2018-04-13 21:43:10,135 - BasePage - INFO - Had take screenshot and save to folder : /screenshots
2018-04-13 21:43:13,170 - BrowserEngine - INFO - You had select Chrome browser.
2018-04-13 21:43:13,171 - BrowserEngine - INFO - The test server url is: https://www.baidu.com
2018-04-13 21:43:16,884 - BrowserEngine - INFO - Starting Chrome browser.
2018-04-13 21:43:20,338 - BrowserEngine - INFO - Open url: https://www.baidu.com
2018-04-13 21:43:21,505 - BrowserEngine - INFO - Maximize the current window.
2018-04-13 21:43:21,507 - BrowserEngine - INFO - Set implicitly wait 10 seconds.
2018-04-13 21:43:21,516 - BasePage - INFO - Current page title is 百度一下，你就知道
2018-04-13 21:43:24,588 - BrowserEngine - INFO - You had select Chrome browser.
2018-04-13 21:43:24,588 - BrowserEngine - INFO - The test server url is: https://www.baidu.com
2018-04-13 21:43:28,529 - BrowserEngine - INFO - Starting Chrome browser.
2018-04-13 21:43:32,474 - BrowserEngine - INFO - Open url: https://www.baidu.com
2018-04-13 21:43:33,640 - BrowserEngine - INFO - Maximize the current window.
2018-04-13 21:43:33,641 - BrowserEngine - INFO - Set implicitly wait 10 seconds.
2018-04-13 21:43:40,655 - BasePage - INFO - Had take screenshot and save to folder : /screenshots
