2018-03-04 20:53:48,336 - BrowserEngine - INFO - You had select Chrome browser.
2018-03-04 20:53:48,338 - BrowserEngine - INFO - The test server url is: https://www.baidu.com
2018-03-04 20:53:52,030 - BrowserEngine - INFO - Starting Chrome browser.
2018-03-04 20:53:57,608 - BrowserEngine - INFO - Open url: https://www.baidu.com
2018-03-04 20:53:58,743 - BrowserEngine - INFO - Maximize the current window.
2018-03-04 20:53:58,743 - BrowserEngine - INFO - Set implicitly wait 10 seconds.
2018-03-04 20:53:58,782 - BasePage - INFO - Had find the element '  ' successful by id via value: kw 
2018-03-04 20:53:58,959 - BasePage - INFO - Had type ' selenium ' in inputBox
2018-03-04 20:53:58,996 - BasePage - INFO - Had find the element '  ' successful by xpath via value: //*[@id='su'] 
2018-03-04 20:53:59,109 - BasePage - INFO - The element '  ' was clicked.
2018-03-04 20:54:01,512 - BasePage - INFO - Had take screenshot and save to folder : /screenshots
2018-03-04 20:54:01,516 - BasePage - INFO - Current page title is selenium_百度搜索
2018-03-04 20:54:01,540 - BasePage - INFO - Had find the element '  ' successful by id via value: kw 
2018-03-04 20:54:01,617 - BasePage - INFO - Had type ' python ' in inputBox
2018-03-04 20:54:01,632 - BasePage - INFO - Had find the element '  ' successful by xpath via value: //*[@id='su'] 
2018-03-04 20:54:01,690 - BasePage - INFO - The element '  ' was clicked.
2018-03-04 20:54:04,058 - BasePage - INFO - Had take screenshot and save to folder : /screenshots
2018-03-04 20:54:07,091 - BrowserEngine - INFO - You had select Chrome browser.
2018-03-04 20:54:07,091 - BrowserEngine - INFO - The test server url is: https://www.baidu.com
2018-03-04 20:54:10,765 - BrowserEngine - INFO - Starting Chrome browser.
2018-03-04 20:54:16,076 - BrowserEngine - INFO - Open url: https://www.baidu.com
2018-03-04 20:54:17,213 - BrowserEngine - INFO - Maximize the current window.
2018-03-04 20:54:17,217 - BrowserEngine - INFO - Set implicitly wait 10 seconds.
2018-03-04 20:54:17,227 - BasePage - INFO - Current page title is 百度一下，你就知道
2018-03-04 20:54:20,282 - BrowserEngine - INFO - You had select Chrome browser.
2018-03-04 20:54:20,282 - BrowserEngine - INFO - The test server url is: https://www.baidu.com
2018-03-04 20:54:24,030 - BrowserEngine - INFO - Starting Chrome browser.
2018-03-04 20:54:30,400 - BrowserEngine - INFO - Open url: https://www.baidu.com
2018-03-04 20:54:31,536 - BrowserEngine - INFO - Maximize the current window.
2018-03-04 20:54:31,536 - BrowserEngine - INFO - Set implicitly wait 10 seconds.
2018-03-04 20:54:38,769 - BasePage - INFO - Had take screenshot and save to folder : /screenshots
